c:\users\pedro\documents\gameengine_beginning_start2\gameengine_beginning_start_resourcemanagement\gameengine_beginning_start\beginning\bin-int\debug-x64\beginning\beginning.pch
c:\users\pedro\documents\gameengine_beginning_start2\gameengine_beginning_start_resourcemanagement\gameengine_beginning_start\beginning\bin\debug-x64\sandbox\beginning.pdb
c:\users\pedro\documents\gameengine_beginning_start2\gameengine_beginning_start_resourcemanagement\gameengine_beginning_start\beginning\bin\debug-x64\sandbox\beginning.idb
c:\users\pedro\documents\gameengine_beginning_start2\gameengine_beginning_start_resourcemanagement\gameengine_beginning_start\beginning\bin-int\debug-x64\beginning\bgpch.obj
c:\users\pedro\documents\gameengine_beginning_start2\gameengine_beginning_start_resourcemanagement\gameengine_beginning_start\beginning\bin-int\debug-x64\beginning\glad.obj
c:\users\pedro\documents\gameengine_beginning_start2\gameengine_beginning_start_resourcemanagement\gameengine_beginning_start\beginning\bin-int\debug-x64\beginning\uiwidget.obj
c:\users\pedro\documents\gameengine_beginning_start2\gameengine_beginning_start_resourcemanagement\gameengine_beginning_start\beginning\bin-int\debug-x64\beginning\uitext.obj
c:\users\pedro\documents\gameengine_beginning_start2\gameengine_beginning_start_resourcemanagement\gameengine_beginning_start\beginning\bin-int\debug-x64\beginning\uiobject.obj
c:\users\pedro\documents\gameengine_beginning_start2\gameengine_beginning_start_resourcemanagement\gameengine_beginning_start\beginning\bin-int\debug-x64\beginning\uimanager.obj
c:\users\pedro\documents\gameengine_beginning_start2\gameengine_beginning_start_resourcemanagement\gameengine_beginning_start\beginning\bin-int\debug-x64\beginning\uiimage.obj
c:\users\pedro\documents\gameengine_beginning_start2\gameengine_beginning_start_resourcemanagement\gameengine_beginning_start\beginning\bin-int\debug-x64\beginning\renderer.obj
c:\users\pedro\documents\gameengine_beginning_start2\gameengine_beginning_start_resourcemanagement\gameengine_beginning_start\beginning\bin-int\debug-x64\beginning\physics.obj
c:\users\pedro\documents\gameengine_beginning_start2\gameengine_beginning_start_resourcemanagement\gameengine_beginning_start\beginning\bin-int\debug-x64\beginning\pawn.obj
c:\users\pedro\documents\gameengine_beginning_start2\gameengine_beginning_start_resourcemanagement\gameengine_beginning_start\beginning\bin-int\debug-x64\beginning\objectmanager.obj
c:\users\pedro\documents\gameengine_beginning_start2\gameengine_beginning_start_resourcemanagement\gameengine_beginning_start\beginning\bin-int\debug-x64\beginning\object.obj
c:\users\pedro\documents\gameengine_beginning_start2\gameengine_beginning_start_resourcemanagement\gameengine_beginning_start\beginning\bin-int\debug-x64\beginning\character.obj
c:\users\pedro\documents\gameengine_beginning_start2\gameengine_beginning_start_resourcemanagement\gameengine_beginning_start\beginning\bin-int\debug-x64\beginning\input.obj
c:\users\pedro\documents\gameengine_beginning_start2\gameengine_beginning_start_resourcemanagement\gameengine_beginning_start\beginning\bin-int\debug-x64\beginning\eventhandler.obj
c:\users\pedro\documents\gameengine_beginning_start2\gameengine_beginning_start_resourcemanagement\gameengine_beginning_start\beginning\bin-int\debug-x64\beginning\contactlistener.obj
c:\users\pedro\documents\gameengine_beginning_start2\gameengine_beginning_start_resourcemanagement\gameengine_beginning_start\beginning\bin-int\debug-x64\beginning\rigidbodycomponent.obj
c:\users\pedro\documents\gameengine_beginning_start2\gameengine_beginning_start_resourcemanagement\gameengine_beginning_start\beginning\bin-int\debug-x64\beginning\rendercomponent.obj
c:\users\pedro\documents\gameengine_beginning_start2\gameengine_beginning_start_resourcemanagement\gameengine_beginning_start\beginning\bin-int\debug-x64\beginning\pawnmovementcomponent.obj
c:\users\pedro\documents\gameengine_beginning_start2\gameengine_beginning_start_resourcemanagement\gameengine_beginning_start\beginning\bin-int\debug-x64\beginning\collider.obj
c:\users\pedro\documents\gameengine_beginning_start2\gameengine_beginning_start_resourcemanagement\gameengine_beginning_start\beginning\bin-int\debug-x64\beginning\animatorcomponent.obj
c:\users\pedro\documents\gameengine_beginning_start2\gameengine_beginning_start_resourcemanagement\gameengine_beginning_start\beginning\bin-int\debug-x64\beginning\application.obj
c:\users\pedro\documents\gameengine_beginning_start2\gameengine_beginning_start_resourcemanagement\gameengine_beginning_start\beginning\bin\debug-x64\sandbox\beginning.lib
c:\users\pedro\documents\gameengine_beginning_start2\gameengine_beginning_start_resourcemanagement\gameengine_beginning_start\beginning\bin-int\debug-x64\beginning\beginning.vcxproj.filelistabsolute.txt
c:\users\pedro\documents\gameengine_beginning_start2\gameengine_beginning_start_resourcemanagement\gameengine_beginning_start\beginning\bin-int\debug-x64\beginning\beginning.tlog\cl.command.1.tlog
c:\users\pedro\documents\gameengine_beginning_start2\gameengine_beginning_start_resourcemanagement\gameengine_beginning_start\beginning\bin-int\debug-x64\beginning\beginning.tlog\cl.items.tlog
c:\users\pedro\documents\gameengine_beginning_start2\gameengine_beginning_start_resourcemanagement\gameengine_beginning_start\beginning\bin-int\debug-x64\beginning\beginning.tlog\cl.read.1.tlog
c:\users\pedro\documents\gameengine_beginning_start2\gameengine_beginning_start_resourcemanagement\gameengine_beginning_start\beginning\bin-int\debug-x64\beginning\beginning.tlog\cl.write.1.tlog
c:\users\pedro\documents\gameengine_beginning_start2\gameengine_beginning_start_resourcemanagement\gameengine_beginning_start\beginning\bin-int\debug-x64\beginning\beginning.tlog\lib-link.read.1.tlog
c:\users\pedro\documents\gameengine_beginning_start2\gameengine_beginning_start_resourcemanagement\gameengine_beginning_start\beginning\bin-int\debug-x64\beginning\beginning.tlog\lib-link.write.1.tlog
c:\users\pedro\documents\gameengine_beginning_start2\gameengine_beginning_start_resourcemanagement\gameengine_beginning_start\beginning\bin-int\debug-x64\beginning\beginning.tlog\lib.command.1.tlog
