C:\Program Files\Microsoft Visual Studio\2022\Community\MSBuild\Microsoft\VC\v170\Microsoft.CppBuild.targets(517,5): warning MSB8004: Output Directory does not end with a trailing slash.  This build instance will add the slash as it is required to allow proper evaluation of the Output Directory.
  bgpch.cpp
  glad.c
  Application.cpp
C:\Program Files\Microsoft Visual Studio\2022\Community\VC\Tools\MSVC\14.38.33130\include\any(12): warning STL4038: The contents of <any> are available only with C++17 or later.
C:\Program Files\Microsoft Visual Studio\2022\Community\VC\Tools\MSVC\14.38.33130\include\variant(12): warning STL4038: The contents of <variant> are available only with C++17 or later.
D:\IPL\3ano\GameEngine\Projeto2\Beginning\Beginning\src\Beginning\Components\AnimatorComponent.h(31,65): warning C4267: 'return': conversion from 'size_t' to 'int', possible loss of data
  (compiling source file '/src/Beginning/Application.cpp')
  
  AnimatorComponent.cpp
C:\Program Files\Microsoft Visual Studio\2022\Community\VC\Tools\MSVC\14.38.33130\include\any(12): warning STL4038: The contents of <any> are available only with C++17 or later.
C:\Program Files\Microsoft Visual Studio\2022\Community\VC\Tools\MSVC\14.38.33130\include\variant(12): warning STL4038: The contents of <variant> are available only with C++17 or later.
D:\IPL\3ano\GameEngine\Projeto2\Beginning\Beginning\src\Beginning\Components\AnimatorComponent.h(31,65): warning C4267: 'return': conversion from 'size_t' to 'int', possible loss of data
  (compiling source file '/src/Beginning/Components/AnimatorComponent.cpp')
  
  Collider.cpp
C:\Program Files\Microsoft Visual Studio\2022\Community\VC\Tools\MSVC\14.38.33130\include\any(12): warning STL4038: The contents of <any> are available only with C++17 or later.
D:\IPL\3ano\GameEngine\Projeto2\Beginning\Beginning\src\Beginning\Components\AnimatorComponent.h(31,65): warning C4267: 'return': conversion from 'size_t' to 'int', possible loss of data
  (compiling source file '/src/Beginning/Components/Collider.cpp')
  
C:\Program Files\Microsoft Visual Studio\2022\Community\VC\Tools\MSVC\14.38.33130\include\variant(12): warning STL4038: The contents of <variant> are available only with C++17 or later.
D:\IPL\3ano\GameEngine\Projeto2\Beginning\Beginning\src\Beginning\Components\Collider.cpp(68,60): warning C4267: 'argument': conversion from 'size_t' to 'int32', possible loss of data
  (compiling source file '/src/Beginning/Components/Collider.cpp')
  
  PawnMovementComponent.cpp
C:\Program Files\Microsoft Visual Studio\2022\Community\VC\Tools\MSVC\14.38.33130\include\any(12): warning STL4038: The contents of <any> are available only with C++17 or later.
C:\Program Files\Microsoft Visual Studio\2022\Community\VC\Tools\MSVC\14.38.33130\include\variant(12): warning STL4038: The contents of <variant> are available only with C++17 or later.
D:\IPL\3ano\GameEngine\Projeto2\Beginning\Beginning\src\Beginning\Components\AnimatorComponent.h(31,65): warning C4267: 'return': conversion from 'size_t' to 'int', possible loss of data
  (compiling source file '/src/Beginning/Components/PawnMovementComponent.cpp')
  
  RenderComponent.cpp
C:\Program Files\Microsoft Visual Studio\2022\Community\VC\Tools\MSVC\14.38.33130\include\any(12): warning STL4038: The contents of <any> are available only with C++17 or later.
C:\Program Files\Microsoft Visual Studio\2022\Community\VC\Tools\MSVC\14.38.33130\include\variant(12): warning STL4038: The contents of <variant> are available only with C++17 or later.
D:\IPL\3ano\GameEngine\Projeto2\Beginning\Beginning\src\Beginning\Components\AnimatorComponent.h(31,65): warning C4267: 'return': conversion from 'size_t' to 'int', possible loss of data
  (compiling source file '/src/Beginning/Components/RenderComponent.cpp')
  
  RigidbodyComponent.cpp
C:\Program Files\Microsoft Visual Studio\2022\Community\VC\Tools\MSVC\14.38.33130\include\any(12): warning STL4038: The contents of <any> are available only with C++17 or later.
C:\Program Files\Microsoft Visual Studio\2022\Community\VC\Tools\MSVC\14.38.33130\include\variant(12): warning STL4038: The contents of <variant> are available only with C++17 or later.
D:\IPL\3ano\GameEngine\Projeto2\Beginning\Beginning\src\Beginning\Components\AnimatorComponent.h(31,65): warning C4267: 'return': conversion from 'size_t' to 'int', possible loss of data
  (compiling source file '/src/Beginning/Components/RigidbodyComponent.cpp')
  
  ContactListener.cpp
C:\Program Files\Microsoft Visual Studio\2022\Community\VC\Tools\MSVC\14.38.33130\include\variant(12): warning STL4038: The contents of <variant> are available only with C++17 or later.
D:\IPL\3ano\GameEngine\Projeto2\Beginning\Beginning\src\Beginning\Components\AnimatorComponent.h(31,65): warning C4267: 'return': conversion from 'size_t' to 'int', possible loss of data
  (compiling source file '/src/Beginning/Events/ContactListener.cpp')
  
C:\Program Files\Microsoft Visual Studio\2022\Community\VC\Tools\MSVC\14.38.33130\include\any(12): warning STL4038: The contents of <any> are available only with C++17 or later.
  EventHandler.cpp
C:\Program Files\Microsoft Visual Studio\2022\Community\VC\Tools\MSVC\14.38.33130\include\variant(12): warning STL4038: The contents of <variant> are available only with C++17 or later.
D:\IPL\3ano\GameEngine\Projeto2\Beginning\Beginning\src\Beginning\Components\AnimatorComponent.h(31,65): warning C4267: 'return': conversion from 'size_t' to 'int', possible loss of data
  (compiling source file '/src/Beginning/Events/EventHandler.cpp')
  
C:\Program Files\Microsoft Visual Studio\2022\Community\VC\Tools\MSVC\14.38.33130\include\any(12): warning STL4038: The contents of <any> are available only with C++17 or later.
  Input.cpp
C:\Program Files\Microsoft Visual Studio\2022\Community\VC\Tools\MSVC\14.38.33130\include\variant(12): warning STL4038: The contents of <variant> are available only with C++17 or later.
D:\IPL\3ano\GameEngine\Projeto2\Beginning\Beginning\src\Beginning\Components\AnimatorComponent.h(31,65): warning C4267: 'return': conversion from 'size_t' to 'int', possible loss of data
  (compiling source file '/src/Beginning/Input/Input.cpp')
  
C:\Program Files\Microsoft Visual Studio\2022\Community\VC\Tools\MSVC\14.38.33130\include\any(12): warning STL4038: The contents of <any> are available only with C++17 or later.
  Character.cpp
C:\Program Files\Microsoft Visual Studio\2022\Community\VC\Tools\MSVC\14.38.33130\include\any(12): warning STL4038: The contents of <any> are available only with C++17 or later.
C:\Program Files\Microsoft Visual Studio\2022\Community\VC\Tools\MSVC\14.38.33130\include\variant(12): warning STL4038: The contents of <variant> are available only with C++17 or later.
D:\IPL\3ano\GameEngine\Projeto2\Beginning\Beginning\src\Beginning\Components\AnimatorComponent.h(31,65): warning C4267: 'return': conversion from 'size_t' to 'int', possible loss of data
  (compiling source file '/src/Beginning/Objects/Character.cpp')
  
  Object.cpp
C:\Program Files\Microsoft Visual Studio\2022\Community\VC\Tools\MSVC\14.38.33130\include\any(12): warning STL4038: The contents of <any> are available only with C++17 or later.
C:\Program Files\Microsoft Visual Studio\2022\Community\VC\Tools\MSVC\14.38.33130\include\variant(12): warning STL4038: The contents of <variant> are available only with C++17 or later.
D:\IPL\3ano\GameEngine\Projeto2\Beginning\Beginning\src\Beginning\Components\AnimatorComponent.h(31,65): warning C4267: 'return': conversion from 'size_t' to 'int', possible loss of data
  (compiling source file '/src/Beginning/Objects/Object.cpp')
  
  ObjectManager.cpp
C:\Program Files\Microsoft Visual Studio\2022\Community\VC\Tools\MSVC\14.38.33130\include\any(12): warning STL4038: The contents of <any> are available only with C++17 or later.
C:\Program Files\Microsoft Visual Studio\2022\Community\VC\Tools\MSVC\14.38.33130\include\variant(12): warning STL4038: The contents of <variant> are available only with C++17 or later.
D:\IPL\3ano\GameEngine\Projeto2\Beginning\Beginning\src\Beginning\Components\AnimatorComponent.h(31,65): warning C4267: 'return': conversion from 'size_t' to 'int', possible loss of data
  (compiling source file '/src/Beginning/Objects/ObjectManager.cpp')
  
  Pawn.cpp
C:\Program Files\Microsoft Visual Studio\2022\Community\VC\Tools\MSVC\14.38.33130\include\any(12): warning STL4038: The contents of <any> are available only with C++17 or later.
C:\Program Files\Microsoft Visual Studio\2022\Community\VC\Tools\MSVC\14.38.33130\include\variant(12): warning STL4038: The contents of <variant> are available only with C++17 or later.
D:\IPL\3ano\GameEngine\Projeto2\Beginning\Beginning\src\Beginning\Components\AnimatorComponent.h(31,65): warning C4267: 'return': conversion from 'size_t' to 'int', possible loss of data
  (compiling source file '/src/Beginning/Objects/Pawn.cpp')
  
  Physics.cpp
C:\Program Files\Microsoft Visual Studio\2022\Community\VC\Tools\MSVC\14.38.33130\include\any(12): warning STL4038: The contents of <any> are available only with C++17 or later.
C:\Program Files\Microsoft Visual Studio\2022\Community\VC\Tools\MSVC\14.38.33130\include\variant(12): warning STL4038: The contents of <variant> are available only with C++17 or later.
D:\IPL\3ano\GameEngine\Projeto2\Beginning\Beginning\src\Beginning\Components\AnimatorComponent.h(31,65): warning C4267: 'return': conversion from 'size_t' to 'int', possible loss of data
  (compiling source file '/src/Beginning/Physics/Physics.cpp')
  
  Renderer.cpp
C:\Program Files\Microsoft Visual Studio\2022\Community\VC\Tools\MSVC\14.38.33130\include\any(12): warning STL4038: The contents of <any> are available only with C++17 or later.
C:\Program Files\Microsoft Visual Studio\2022\Community\VC\Tools\MSVC\14.38.33130\include\variant(12): warning STL4038: The contents of <variant> are available only with C++17 or later.
D:\IPL\3ano\GameEngine\Projeto2\Beginning\Beginning\src\Beginning\Components\AnimatorComponent.h(31,65): warning C4267: 'return': conversion from 'size_t' to 'int', possible loss of data
  (compiling source file '/src/Beginning/Renderer/Renderer.cpp')
  
D:\IPL\3ano\GameEngine\Projeto2\Beginning\Beginning\src\Beginning\Renderer\Renderer.cpp(506,113): warning C4244: 'argument': conversion from 'T' to 'GLfloat', possible loss of data
D:\IPL\3ano\GameEngine\Projeto2\Beginning\Beginning\src\Beginning\Renderer\Renderer.cpp(506,113): warning C4244:         with
D:\IPL\3ano\GameEngine\Projeto2\Beginning\Beginning\src\Beginning\Renderer\Renderer.cpp(506,113): warning C4244:         [
D:\IPL\3ano\GameEngine\Projeto2\Beginning\Beginning\src\Beginning\Renderer\Renderer.cpp(506,113): warning C4244:             T=int
D:\IPL\3ano\GameEngine\Projeto2\Beginning\Beginning\src\Beginning\Renderer\Renderer.cpp(506,113): warning C4244:         ]
  (compiling source file '/src/Beginning/Renderer/Renderer.cpp')
  
D:\IPL\3ano\GameEngine\Projeto2\Beginning\Beginning\src\Beginning\Renderer\Renderer.cpp(506,75): warning C4244: 'argument': conversion from 'T' to 'GLfloat', possible loss of data
D:\IPL\3ano\GameEngine\Projeto2\Beginning\Beginning\src\Beginning\Renderer\Renderer.cpp(506,75): warning C4244:         with
D:\IPL\3ano\GameEngine\Projeto2\Beginning\Beginning\src\Beginning\Renderer\Renderer.cpp(506,75): warning C4244:         [
D:\IPL\3ano\GameEngine\Projeto2\Beginning\Beginning\src\Beginning\Renderer\Renderer.cpp(506,75): warning C4244:             T=int
D:\IPL\3ano\GameEngine\Projeto2\Beginning\Beginning\src\Beginning\Renderer\Renderer.cpp(506,75): warning C4244:         ]
  (compiling source file '/src/Beginning/Renderer/Renderer.cpp')
  
D:\IPL\3ano\GameEngine\Projeto2\Beginning\Beginning\src\Beginning\Renderer\Renderer.cpp(526,55): warning C4244: 'argument': conversion from 'int' to 'GLfloat', possible loss of data
  (compiling source file '/src/Beginning/Renderer/Renderer.cpp')
  
D:\IPL\3ano\GameEngine\Projeto2\Beginning\Beginning\src\Beginning\Renderer\Renderer.cpp(526,40): warning C4244: 'argument': conversion from 'int' to 'GLfloat', possible loss of data
  (compiling source file '/src/Beginning/Renderer/Renderer.cpp')
  
D:\IPL\3ano\GameEngine\Projeto2\Beginning\Beginning\src\Beginning\Renderer\Renderer.cpp(532,102): warning C4244: 'argument': conversion from 'T' to 'GLfloat', possible loss of data
D:\IPL\3ano\GameEngine\Projeto2\Beginning\Beginning\src\Beginning\Renderer\Renderer.cpp(532,102): warning C4244:         with
D:\IPL\3ano\GameEngine\Projeto2\Beginning\Beginning\src\Beginning\Renderer\Renderer.cpp(532,102): warning C4244:         [
D:\IPL\3ano\GameEngine\Projeto2\Beginning\Beginning\src\Beginning\Renderer\Renderer.cpp(532,102): warning C4244:             T=int
D:\IPL\3ano\GameEngine\Projeto2\Beginning\Beginning\src\Beginning\Renderer\Renderer.cpp(532,102): warning C4244:         ]
  (compiling source file '/src/Beginning/Renderer/Renderer.cpp')
  
D:\IPL\3ano\GameEngine\Projeto2\Beginning\Beginning\src\Beginning\Renderer\Renderer.cpp(532,68): warning C4244: 'argument': conversion from 'T' to 'GLfloat', possible loss of data
D:\IPL\3ano\GameEngine\Projeto2\Beginning\Beginning\src\Beginning\Renderer\Renderer.cpp(532,68): warning C4244:         with
D:\IPL\3ano\GameEngine\Projeto2\Beginning\Beginning\src\Beginning\Renderer\Renderer.cpp(532,68): warning C4244:         [
D:\IPL\3ano\GameEngine\Projeto2\Beginning\Beginning\src\Beginning\Renderer\Renderer.cpp(532,68): warning C4244:             T=int
D:\IPL\3ano\GameEngine\Projeto2\Beginning\Beginning\src\Beginning\Renderer\Renderer.cpp(532,68): warning C4244:         ]
  (compiling source file '/src/Beginning/Renderer/Renderer.cpp')
  
D:\IPL\3ano\GameEngine\Projeto2\Beginning\Beginning\src\Beginning\Renderer\Renderer.cpp(586,111): warning C4244: 'argument': conversion from 'T' to 'GLfloat', possible loss of data
D:\IPL\3ano\GameEngine\Projeto2\Beginning\Beginning\src\Beginning\Renderer\Renderer.cpp(586,111): warning C4244:         with
D:\IPL\3ano\GameEngine\Projeto2\Beginning\Beginning\src\Beginning\Renderer\Renderer.cpp(586,111): warning C4244:         [
D:\IPL\3ano\GameEngine\Projeto2\Beginning\Beginning\src\Beginning\Renderer\Renderer.cpp(586,111): warning C4244:             T=int
D:\IPL\3ano\GameEngine\Projeto2\Beginning\Beginning\src\Beginning\Renderer\Renderer.cpp(586,111): warning C4244:         ]
  (compiling source file '/src/Beginning/Renderer/Renderer.cpp')
  
D:\IPL\3ano\GameEngine\Projeto2\Beginning\Beginning\src\Beginning\Renderer\Renderer.cpp(586,74): warning C4244: 'argument': conversion from 'T' to 'GLfloat', possible loss of data
D:\IPL\3ano\GameEngine\Projeto2\Beginning\Beginning\src\Beginning\Renderer\Renderer.cpp(586,74): warning C4244:         with
D:\IPL\3ano\GameEngine\Projeto2\Beginning\Beginning\src\Beginning\Renderer\Renderer.cpp(586,74): warning C4244:         [
D:\IPL\3ano\GameEngine\Projeto2\Beginning\Beginning\src\Beginning\Renderer\Renderer.cpp(586,74): warning C4244:             T=int
D:\IPL\3ano\GameEngine\Projeto2\Beginning\Beginning\src\Beginning\Renderer\Renderer.cpp(586,74): warning C4244:         ]
  (compiling source file '/src/Beginning/Renderer/Renderer.cpp')
  
D:\IPL\3ano\GameEngine\Projeto2\Beginning\Beginning\src\Beginning\Renderer\Renderer.cpp(592,99): warning C4244: 'argument': conversion from 'T' to 'GLfloat', possible loss of data
D:\IPL\3ano\GameEngine\Projeto2\Beginning\Beginning\src\Beginning\Renderer\Renderer.cpp(592,99): warning C4244:         with
D:\IPL\3ano\GameEngine\Projeto2\Beginning\Beginning\src\Beginning\Renderer\Renderer.cpp(592,99): warning C4244:         [
D:\IPL\3ano\GameEngine\Projeto2\Beginning\Beginning\src\Beginning\Renderer\Renderer.cpp(592,99): warning C4244:             T=int
D:\IPL\3ano\GameEngine\Projeto2\Beginning\Beginning\src\Beginning\Renderer\Renderer.cpp(592,99): warning C4244:         ]
  (compiling source file '/src/Beginning/Renderer/Renderer.cpp')
  
D:\IPL\3ano\GameEngine\Projeto2\Beginning\Beginning\src\Beginning\Renderer\Renderer.cpp(592,66): warning C4244: 'argument': conversion from 'T' to 'GLfloat', possible loss of data
D:\IPL\3ano\GameEngine\Projeto2\Beginning\Beginning\src\Beginning\Renderer\Renderer.cpp(592,66): warning C4244:         with
D:\IPL\3ano\GameEngine\Projeto2\Beginning\Beginning\src\Beginning\Renderer\Renderer.cpp(592,66): warning C4244:         [
D:\IPL\3ano\GameEngine\Projeto2\Beginning\Beginning\src\Beginning\Renderer\Renderer.cpp(592,66): warning C4244:             T=int
D:\IPL\3ano\GameEngine\Projeto2\Beginning\Beginning\src\Beginning\Renderer\Renderer.cpp(592,66): warning C4244:         ]
  (compiling source file '/src/Beginning/Renderer/Renderer.cpp')
  
  UIImage.cpp
C:\Program Files\Microsoft Visual Studio\2022\Community\VC\Tools\MSVC\14.38.33130\include\any(12): warning STL4038: The contents of <any> are available only with C++17 or later.
C:\Program Files\Microsoft Visual Studio\2022\Community\VC\Tools\MSVC\14.38.33130\include\variant(12): warning STL4038: The contents of <variant> are available only with C++17 or later.
D:\IPL\3ano\GameEngine\Projeto2\Beginning\Beginning\src\Beginning\Components\AnimatorComponent.h(31,65): warning C4267: 'return': conversion from 'size_t' to 'int', possible loss of data
  (compiling source file '/src/Beginning/UI/UIImage.cpp')
  
D:\IPL\3ano\GameEngine\Projeto2\Beginning\Beginning\src\Beginning\UI\UIImage.cpp(17,58): warning C4244: 'argument': conversion from 'T' to 'int', possible loss of data
D:\IPL\3ano\GameEngine\Projeto2\Beginning\Beginning\src\Beginning\UI\UIImage.cpp(17,58): warning C4244:         with
D:\IPL\3ano\GameEngine\Projeto2\Beginning\Beginning\src\Beginning\UI\UIImage.cpp(17,58): warning C4244:         [
D:\IPL\3ano\GameEngine\Projeto2\Beginning\Beginning\src\Beginning\UI\UIImage.cpp(17,58): warning C4244:             T=float
D:\IPL\3ano\GameEngine\Projeto2\Beginning\Beginning\src\Beginning\UI\UIImage.cpp(17,58): warning C4244:         ]
  (compiling source file '/src/Beginning/UI/UIImage.cpp')
  
D:\IPL\3ano\GameEngine\Projeto2\Beginning\Beginning\src\Beginning\UI\UIImage.cpp(17,50): warning C4244: 'argument': conversion from 'T' to 'int', possible loss of data
D:\IPL\3ano\GameEngine\Projeto2\Beginning\Beginning\src\Beginning\UI\UIImage.cpp(17,50): warning C4244:         with
D:\IPL\3ano\GameEngine\Projeto2\Beginning\Beginning\src\Beginning\UI\UIImage.cpp(17,50): warning C4244:         [
D:\IPL\3ano\GameEngine\Projeto2\Beginning\Beginning\src\Beginning\UI\UIImage.cpp(17,50): warning C4244:             T=float
D:\IPL\3ano\GameEngine\Projeto2\Beginning\Beginning\src\Beginning\UI\UIImage.cpp(17,50): warning C4244:         ]
  (compiling source file '/src/Beginning/UI/UIImage.cpp')
  
  UIManager.cpp
C:\Program Files\Microsoft Visual Studio\2022\Community\VC\Tools\MSVC\14.38.33130\include\any(12): warning STL4038: The contents of <any> are available only with C++17 or later.
C:\Program Files\Microsoft Visual Studio\2022\Community\VC\Tools\MSVC\14.38.33130\include\variant(12): warning STL4038: The contents of <variant> are available only with C++17 or later.
D:\IPL\3ano\GameEngine\Projeto2\Beginning\Beginning\src\Beginning\Components\AnimatorComponent.h(31,65): warning C4267: 'return': conversion from 'size_t' to 'int', possible loss of data
  (compiling source file '/src/Beginning/UI/UIManager.cpp')
  
  UIObject.cpp
C:\Program Files\Microsoft Visual Studio\2022\Community\VC\Tools\MSVC\14.38.33130\include\any(12): warning STL4038: The contents of <any> are available only with C++17 or later.
C:\Program Files\Microsoft Visual Studio\2022\Community\VC\Tools\MSVC\14.38.33130\include\variant(12): warning STL4038: The contents of <variant> are available only with C++17 or later.
D:\IPL\3ano\GameEngine\Projeto2\Beginning\Beginning\src\Beginning\Components\AnimatorComponent.h(31,65): warning C4267: 'return': conversion from 'size_t' to 'int', possible loss of data
  (compiling source file '/src/Beginning/UI/UIObject.cpp')
  
  UIText.cpp
C:\Program Files\Microsoft Visual Studio\2022\Community\VC\Tools\MSVC\14.38.33130\include\any(12): warning STL4038: The contents of <any> are available only with C++17 or later.
C:\Program Files\Microsoft Visual Studio\2022\Community\VC\Tools\MSVC\14.38.33130\include\variant(12): warning STL4038: The contents of <variant> are available only with C++17 or later.
D:\IPL\3ano\GameEngine\Projeto2\Beginning\Beginning\src\Beginning\Components\AnimatorComponent.h(31,65): warning C4267: 'return': conversion from 'size_t' to 'int', possible loss of data
  (compiling source file '/src/Beginning/UI/UIText.cpp')
  
  UIWidget.cpp
  Generating Code...
D:\IPL\3ano\GameEngine\Projeto2\Beginning\Beginning\src\Beginning\Components\AnimatorComponent.cpp(163): warning C4715: 'Beginning::AnimatorComponent::IsAnimationPlaying': not all control paths return a value
  Beginning.vcxproj -> D:\IPL\3ano\GameEngine\Projeto2\Beginning\bin\Debug-x64\Sandbox\Beginning.lib
